<?xml version="1.0" encoding="UTF-8"?>
<!-- Generated by org.testng.reporters.JUnitReportReporter -->
<testsuite skipped="0" hostname="INMUWLAP2381" name="day01.Sampleday01" tests="2" failures="0" timestamp="07 Jun 2018 09:05:01 GMT" time="14.556" errors="0">
  <testcase name="LaunchWebsite" time="9.866" classname="day01.Sampleday01"/>
  <testcase name="Registration" time="4.690" classname="day01.Sampleday01"/>
</testsuite> <!-- day01.Sampleday01 -->
