<?xml version="1.0" encoding="UTF-8"?>
<!-- Generated by org.testng.reporters.JUnitReportReporter -->
<testsuite skipped="0" hostname="INMUWLAP2381" name="extentrpt04.ExtentReport" tests="1" failures="0" timestamp="12 Jun 2018 07:00:47 GMT" time="0.776" errors="0">
  <testcase name="ExtentReport" time="0.776" classname="extentrpt04.ExtentReport"/>
</testsuite> <!-- extentrpt04.ExtentReport -->
